Rufus x64 v4.6.2208 (Portable)
Windows version: Windows 11 Pro for Workstations x64 (Build 26100.3476)
Syslinux versions: 4.07/2013-07-25, 6.04/pre1
Grub versions: 0.4.6a, 2.12
System locale ID: 0x0407 (de-DE)
Will use default UI locale 0x0407
SetLGP: Successfully set NoDriveTypeAutorun policy to 0x0000009E
Localization set to 'de-DE'
Found 517 revoked UEFI bootloaders from embedded list
Found card reader device 'SDXC Card'
1 device found
Disk type: Removable, Disk size: 64 GB, Sector size: 512 bytes
Cylinders: 7602, Tracks per cylinder: 255, Sectors per track: 63
Partition type: MBR, NB Partitions: 2
Disk ID: 0x738162DE
Drive has an unknown Master Boot Record
Partition 1:
  Type: FAT32 LBA (0x0c)
  Detected File System: FAT32
  Size: 512 MB (536870912 bytes)
  Start Sector: 8192, Boot: No
Partition 2:
  Type: GNU/Linux (0x83)
  Detected File System: ext4
  Size: 53.4 GB (57370738688 bytes)
  Start Sector: 1056768, Boot: No
Found 5 additional UEFI revocation filters from remote SBAT
Checking for Rufus updates...
Checking release channel...
No new release version found.

Save to VHD operation started
Saved 'D:\GIT\Maker\KnowHow\RaspPi-Dogzilla-ROS2\bootfs.vhdx'

Found card reader device 'SDXC Card'
1 device found
Disk type: Removable, Disk size: 64 GB, Sector size: 512 bytes
Cylinders: 7602, Tracks per cylinder: 255, Sectors per track: 63
Partition type: MBR, NB Partitions: 2
Disk ID: 0x738162DE
Drive has an unknown Master Boot Record
Partition 1:
  Type: FAT32 LBA (0x0c)
  Detected File System: FAT32
  Size: 512 MB (536870912 bytes)
  Start Sector: 8192, Boot: No
Partition 2:
  Type: GNU/Linux (0x83)
  Detected File System: ext4
  Size: 53.4 GB (57370738688 bytes)
  Start Sector: 1056768, Boot: No
